2021/04/29-13:27 [restartedMain] INFO  com.sportswork.sportswork.SportsworkApplication: Starting SportsworkApplication on hjc with PID 3200 (started by yellow in D:\毕业设计\sportswork-master)
2021/04/29-13:27 [restartedMain] INFO  com.sportswork.sportswork.SportsworkApplication: No active profile set, falling back to default profiles: default
2021/04/29-13:27 [restartedMain] INFO  org.springframework.boot.devtools.env.DevToolsPropertyDefaultsPostProcessor: Devtools property defaults active! Set 'spring.devtools.add-properties' to 'false' to disable
2021/04/29-13:27 [restartedMain] INFO  org.springframework.boot.devtools.env.DevToolsPropertyDefaultsPostProcessor: For additional web related logging consider setting the 'logging.level.web' property to 'DEBUG'
2021/04/29-13:27 [restartedMain] INFO  org.springframework.boot.web.embedded.tomcat.TomcatWebServer: Tomcat initialized with port(s): 8081 (http)
2021/04/29-13:27 [restartedMain] INFO  org.apache.catalina.core.StandardService: Starting service [Tomcat]
2021/04/29-13:27 [restartedMain] INFO  org.apache.catalina.core.StandardEngine: Starting Servlet engine: [Apache Tomcat/9.0.29]
2021/04/29-13:27 [restartedMain] INFO  org.apache.catalina.core.ContainerBase.[Tomcat].[localhost].[/]: Initializing Spring embedded WebApplicationContext
2021/04/29-13:27 [restartedMain] INFO  org.springframework.web.context.ContextLoader: Root WebApplicationContext: initialization completed in 1727 ms
2021/04/29-13:27 [restartedMain] INFO  org.springframework.security.web.DefaultSecurityFilterChain: Creating filter chain: any request, [org.springframework.security.web.context.request.async.WebAsyncManagerIntegrationFilter@f76fc17, org.springframework.security.web.context.SecurityContextPersistenceFilter@e242dc5, org.springframework.security.web.header.HeaderWriterFilter@5d06814c, org.springframework.security.web.authentication.logout.LogoutFilter@7bb8e324, org.springframework.security.web.authentication.UsernamePasswordAuthenticationFilter@77542523, org.springframework.security.web.savedrequest.RequestCacheAwareFilter@52e7505a, org.springframework.security.web.servletapi.SecurityContextHolderAwareRequestFilter@1de635f2, org.springframework.security.web.authentication.AnonymousAuthenticationFilter@51c96bf4, org.springframework.security.web.session.SessionManagementFilter@59c34729, org.springframework.security.web.access.ExceptionTranslationFilter@4ba186ad, org.springframework.security.web.access.intercept.FilterSecurityInterceptor@716e7e3a]
2021/04/29-13:27 [restartedMain] INFO  org.springframework.scheduling.concurrent.ThreadPoolTaskExecutor: Initializing ExecutorService 'applicationTaskExecutor'
2021/04/29-13:27 [restartedMain] WARN  org.thymeleaf.templatemode.TemplateMode: [THYMELEAF][restartedMain] Template Mode 'HTML5' is deprecated. Using Template Mode 'HTML' instead.
2021/04/29-13:27 [restartedMain] INFO  org.springframework.scheduling.concurrent.ThreadPoolTaskScheduler: Initializing ExecutorService 'taskScheduler'
2021/04/29-13:27 [restartedMain] INFO  org.springframework.boot.devtools.autoconfigure.OptionalLiveReloadServer: LiveReload server is running on port 35729
2021/04/29-13:27 [restartedMain] INFO  org.springframework.boot.web.embedded.tomcat.TomcatWebServer: Tomcat started on port(s): 8081 (http) with context path ''
2021/04/29-13:27 [restartedMain] INFO  com.sportswork.sportswork.SportsworkApplication: Started SportsworkApplication in 4.821 seconds (JVM running for 7.078)
2021/04/29-13:33 [http-nio-8081-exec-1] INFO  org.apache.catalina.core.ContainerBase.[Tomcat].[localhost].[/]: Initializing Spring DispatcherServlet 'dispatcherServlet'
2021/04/29-13:33 [http-nio-8081-exec-1] INFO  org.springframework.web.servlet.DispatcherServlet: Initializing Servlet 'dispatcherServlet'
2021/04/29-13:33 [http-nio-8081-exec-1] INFO  org.springframework.web.servlet.DispatcherServlet: Completed initialization in 17 ms
2021/04/29-13:33 [http-nio-8081-exec-5] INFO  com.alibaba.druid.pool.DruidDataSource: {dataSource-1} inited
